Build started 11/17/2014 6:19:08 PM.
     1>Project "F:\MyFiles\External HD files\Academic Work\DUE-work\Thesis Semester1\CClab\of_v0.8.4_vs_release\apps\myApps\final_Project\final_Project.vcxproj" on node 2 (Build target(s)).
     1>ClCompile:
         F:\Programs\VC\bin\CL.exe /c /I..\..\..\libs\openFrameworks /I..\..\..\libs\openFrameworks\graphics /I..\..\..\libs\openFrameworks\app /I..\..\..\libs\openFrameworks\sound /I..\..\..\libs\openFrameworks\utils /I..\..\..\libs\openFrameworks\communication /I..\..\..\libs\openFrameworks\video /I..\..\..\libs\openFrameworks\types /I..\..\..\libs\openFrameworks\math /I..\..\..\libs\openFrameworks\3d /I..\..\..\libs\openFrameworks\gl /I..\..\..\libs\openFrameworks\events /I..\..\..\libs\glut\include /I..\..\..\libs\rtAudio\include /I..\..\..\libs\quicktime\include /I..\..\..\libs\freetype\include /I..\..\..\libs\freetype\include\freetype2 /I..\..\..\libs\freeImage\include /I..\..\..\libs\fmodex\include /I..\..\..\libs\videoInput\include /I..\..\..\libs\glew\include\ /I..\..\..\libs\glu\include /I..\..\..\libs\tess2\include /I..\..\..\libs\cairo\include\cairo /I..\..\..\libs\poco\include /I..\..\..\libs\glfw\include /I..\..\..\libs\openssl\include /I..\..\..\addons /Isrc /I..\..\..\addons\ofxVectorGraphics\libs /I..\..\..\addons\ofxVectorGraphics\src /I..\..\..\addons\ofxBox2d\libs /I..\..\..\addons\ofxBox2d\src /I..\..\..\addons\ofxBox2d\libs\Box2D /I..\..\..\addons\ofxBox2d\libs\Box2D\Collision /I..\..\..\addons\ofxBox2d\libs\Box2D\Collision\Shapes /I..\..\..\addons\ofxBox2d\libs\Box2D\Common /I..\..\..\addons\ofxBox2d\libs\Box2D\Dynamics /I..\..\..\addons\ofxBox2d\libs\Box2D\Dynamics\Contacts /I..\..\..\addons\ofxBox2d\libs\Box2D\Dynamics\Joints /I..\..\..\addons\ofxBox2d\libs\Box2D\Rope /I..\..\..\addons\ofxBox2d\libs\triangle /ZI /nologo /W3 /WX- /Od /Oy- /D WIN32 /D _DEBUG /D _CONSOLE /D POCO_STATIC /D CAIRO_WIN32_STATIC_BUILD /D DISABLE_SOME_FLOATING_POINT /D _UNICODE /D UNICODE /Gm /EHsc /RTC1 /MDd /GS /fp:precise /Zc:wchar_t /Zc:forScope /Fo"obj\Debug\\" /Fd"obj\Debug\vc110.pdb" /Gd /TP /analyze- /errorReport:prompt src\main.cpp src\ofApp.cpp
         main.cpp
     1>f:\myfiles\external hd files\academic work\due-work\thesis semester1\cclab\of_v0.8.4_vs_release\libs\poco\include\poco\streamconverter.h(126): warning C4250: 'Poco::InputStreamConverter' : inherits 'std::basic_istream<_Elem,_Traits>::std::basic_istream<_Elem,_Traits>::_Add_vtordisp1' via dominance
                 with
                 [
                     _Elem=char,
                     _Traits=std::char_traits<char>
                 ]
                 f:\programs\vc\include\istream(74) : see declaration of 'std::basic_istream<_Elem,_Traits>::_Add_vtordisp1'
                 with
                 [
                     _Elem=char,
                     _Traits=std::char_traits<char>
                 ]
     1>f:\myfiles\external hd files\academic work\due-work\thesis semester1\cclab\of_v0.8.4_vs_release\libs\poco\include\poco\streamconverter.h(144): warning C4250: 'Poco::OutputStreamConverter' : inherits 'std::basic_ostream<_Elem,_Traits>::std::basic_ostream<_Elem,_Traits>::_Add_vtordisp2' via dominance
                 with
                 [
                     _Elem=char,
                     _Traits=std::char_traits<char>
                 ]
                 f:\programs\vc\include\ostream(90) : see declaration of 'std::basic_ostream<_Elem,_Traits>::_Add_vtordisp2'
                 with
                 [
                     _Elem=char,
                     _Traits=std::char_traits<char>
                 ]
         Generating Code...
         Compiling...
         ofApp.cpp
     1>f:\myfiles\external hd files\academic work\due-work\thesis semester1\cclab\of_v0.8.4_vs_release\libs\poco\include\poco\streamconverter.h(126): warning C4250: 'Poco::InputStreamConverter' : inherits 'std::basic_istream<_Elem,_Traits>::std::basic_istream<_Elem,_Traits>::_Add_vtordisp1' via dominance
                 with
                 [
                     _Elem=char,
                     _Traits=std::char_traits<char>
                 ]
                 f:\programs\vc\include\istream(74) : see declaration of 'std::basic_istream<_Elem,_Traits>::_Add_vtordisp1'
                 with
                 [
                     _Elem=char,
                     _Traits=std::char_traits<char>
                 ]
     1>f:\myfiles\external hd files\academic work\due-work\thesis semester1\cclab\of_v0.8.4_vs_release\libs\poco\include\poco\streamconverter.h(144): warning C4250: 'Poco::OutputStreamConverter' : inherits 'std::basic_ostream<_Elem,_Traits>::std::basic_ostream<_Elem,_Traits>::_Add_vtordisp2' via dominance
                 with
                 [
                     _Elem=char,
                     _Traits=std::char_traits<char>
                 ]
                 f:\programs\vc\include\ostream(90) : see declaration of 'std::basic_ostream<_Elem,_Traits>::_Add_vtordisp2'
                 with
                 [
                     _Elem=char,
                     _Traits=std::char_traits<char>
                 ]
         Generating Code...
       Link:
         F:\Programs\VC\bin\link.exe /ERRORREPORT:PROMPT /OUT:"bin\final_Project_debug.exe" /INCREMENTAL /NOLOGO /LIBPATH:..\..\..\libs\glut\lib\vs /LIBPATH:..\..\..\libs\glfw\lib\vs /LIBPATH:..\..\..\libs\rtAudio\lib\vs /LIBPATH:..\..\..\libs\FreeImage\lib\vs /LIBPATH:..\..\..\libs\freetype\lib\vs /LIBPATH:..\..\..\libs\quicktime\lib\vs /LIBPATH:..\..\..\libs\fmodex\lib\vs /LIBPATH:..\..\..\libs\videoInput\lib\vs /LIBPATH:..\..\..\libs\cairo\lib\vs /LIBPATH:..\..\..\libs\glew\lib\vs /LIBPATH:..\..\..\libs\glu\lib\vs /LIBPATH:..\..\..\libs\openssl\lib\vs /LIBPATH:..\..\..\libs\Poco\lib\vs /LIBPATH:..\..\..\libs\tess2\lib\vs "cairo-static.lib" "pixman-1.lib" msimg32.lib OpenGL32.lib GLu32.lib kernel32.lib setupapi.lib Vfw32.lib comctl32.lib glut32.lib rtAudioD.lib videoInputD.lib libfreetype.lib FreeImage.lib qtmlClient.lib dsound.lib user32.lib gdi32.lib winspool.lib comdlg32.lib advapi32.lib shell32.lib ole32.lib oleaut32.lib uuid.lib glew32s.lib fmodex_vc.lib glu32.lib ssleay32MD.lib libeay32MD.lib crypt32.lib PocoFoundationmdd.lib PocoNetmdd.lib PocoUtilmdd.lib PocoXMLmdd.lib Ws2_32.lib tess2.lib glfw3.lib kernel32.lib user32.lib gdi32.lib winspool.lib comdlg32.lib advapi32.lib shell32.lib ole32.lib oleaut32.lib uuid.lib odbc32.lib odbccp32.lib /NODEFAULTLIB:PocoFoundationmdd.lib /NODEFAULTLIB:atlthunk.lib /NODEFAULTLIB:msvcrt /NODEFAULTLIB:libcmt /NODEFAULTLIB:LIBC /NODEFAULTLIB:LIBCMTD /MANIFEST /MANIFESTUAC:"level='asInvoker' uiAccess='false'" /manifest:embed /DEBUG /PDB:"bin\final_Project_debug.pdb" /SUBSYSTEM:CONSOLE /TLBID:1 /DYNAMICBASE:NO /NXCOMPAT /IMPLIB:"bin\final_Project_debug.lib" /MACHINE:X86 /SAFESEH obj\Debug\icon.res
         obj\Debug\main.obj
         obj\Debug\ofApp.obj
         obj\Debug\ofxVectorGraphics.obj
         obj\Debug\CreEPS.obj
         obj\Debug\ofxBox2d.obj
         obj\Debug\ofxBox2dBaseShape.obj
         obj\Debug\ofxBox2dCircle.obj
         obj\Debug\ofxBox2dEdge.obj
         obj\Debug\ofxBox2dJoint.obj
         obj\Debug\ofxBox2dPolygon.obj
         obj\Debug\ofxBox2dRect.obj
         obj\Debug\b2BroadPhase.obj
         obj\Debug\b2CollideCircle.obj
         obj\Debug\b2CollideEdge.obj
         obj\Debug\b2CollidePolygon.obj
         obj\Debug\b2Collision.obj
         obj\Debug\b2Distance.obj
         obj\Debug\b2DynamicTree.obj
         obj\Debug\b2TimeOfImpact.obj
         obj\Debug\b2ChainShape.obj
         obj\Debug\b2CircleShape.obj
         obj\Debug\b2EdgeShape.obj
         obj\Debug\b2PolygonShape.obj
         obj\Debug\b2BlockAllocator.obj
         obj\Debug\b2Draw.obj
         obj\Debug\b2Math.obj
         obj\Debug\b2Settings.obj
         obj\Debug\b2StackAllocator.obj
         obj\Debug\b2Timer.obj
         obj\Debug\b2Body.obj
         obj\Debug\b2ContactManager.obj
         obj\Debug\b2Fixture.obj
         obj\Debug\b2Island.obj
         obj\Debug\b2World.obj
         obj\Debug\b2WorldCallbacks.obj
         obj\Debug\b2ChainAndCircleContact.obj
         obj\Debug\b2ChainAndPolygonContact.obj
         obj\Debug\b2CircleContact.obj
         obj\Debug\b2Contact.obj
         obj\Debug\b2ContactSolver.obj
         obj\Debug\b2EdgeAndCircleContact.obj
         obj\Debug\b2EdgeAndPolygonContact.obj
         obj\Debug\b2PolygonAndCircleContact.obj
         obj\Debug\b2PolygonContact.obj
         obj\Debug\b2DistanceJoint.obj
         obj\Debug\b2FrictionJoint.obj
         obj\Debug\b2GearJoint.obj
         obj\Debug\b2Joint.obj
         obj\Debug\b2MotorJoint.obj
         obj\Debug\b2MouseJoint.obj
         obj\Debug\b2PrismaticJoint.obj
         obj\Debug\b2PulleyJoint.obj
         obj\Debug\b2RevoluteJoint.obj
         obj\Debug\b2RopeJoint.obj
         obj\Debug\b2WeldJoint.obj
         obj\Debug\b2WheelJoint.obj
         obj\Debug\b2Rope.obj
         obj\Debug\del_impl.obj
         "F:\MyFiles\External HD files\Academic Work\DUE-work\Thesis Semester1\CClab\of_v0.8.4_vs_release\libs\openFrameworksCompiled\lib\vs\openframeworksLib_debug.lib"
         final_Project.vcxproj -> F:\MyFiles\External HD files\Academic Work\DUE-work\Thesis Semester1\CClab\of_v0.8.4_vs_release\apps\myApps\final_Project\bin\final_Project_debug.exe
       PostBuildEvent:
         xcopy /e /i /y "F:\MyFiles\External HD files\Academic Work\DUE-work\Thesis Semester1\CClab\of_v0.8.4_vs_release\apps\myApps\final_Project\..\..\..\export\vs\*.dll" "F:\MyFiles\External HD files\Academic Work\DUE-work\Thesis Semester1\CClab\of_v0.8.4_vs_release\apps\myApps\final_Project\bin"
         :VCEnd
         F:\MyFiles\External HD files\Academic Work\DUE-work\Thesis Semester1\CClab\of_v0.8.4_vs_release\apps\myApps\final_Project\..\..\..\export\vs\Assimp32.dll
         F:\MyFiles\External HD files\Academic Work\DUE-work\Thesis Semester1\CClab\of_v0.8.4_vs_release\apps\myApps\final_Project\..\..\..\export\vs\fmodex.dll
         F:\MyFiles\External HD files\Academic Work\DUE-work\Thesis Semester1\CClab\of_v0.8.4_vs_release\apps\myApps\final_Project\..\..\..\export\vs\fmodexL.dll
         F:\MyFiles\External HD files\Academic Work\DUE-work\Thesis Semester1\CClab\of_v0.8.4_vs_release\apps\myApps\final_Project\..\..\..\export\vs\FreeImage.dll
         F:\MyFiles\External HD files\Academic Work\DUE-work\Thesis Semester1\CClab\of_v0.8.4_vs_release\apps\myApps\final_Project\..\..\..\export\vs\FreeType-6.dll
         F:\MyFiles\External HD files\Academic Work\DUE-work\Thesis Semester1\CClab\of_v0.8.4_vs_release\apps\myApps\final_Project\..\..\..\export\vs\glut32.dll
         F:\MyFiles\External HD files\Academic Work\DUE-work\Thesis Semester1\CClab\of_v0.8.4_vs_release\apps\myApps\final_Project\..\..\..\export\vs\libeay32.dll
         F:\MyFiles\External HD files\Academic Work\DUE-work\Thesis Semester1\CClab\of_v0.8.4_vs_release\apps\myApps\final_Project\..\..\..\export\vs\ssleay32.dll
         F:\MyFiles\External HD files\Academic Work\DUE-work\Thesis Semester1\CClab\of_v0.8.4_vs_release\apps\myApps\final_Project\..\..\..\export\vs\Zlib.dll
         9 File(s) copied
     1>Done Building Project "F:\MyFiles\External HD files\Academic Work\DUE-work\Thesis Semester1\CClab\of_v0.8.4_vs_release\apps\myApps\final_Project\final_Project.vcxproj" (Build target(s)).

Build succeeded.

Time Elapsed 00:00:22.57
